2020-02-18 11:45:53,435 [Worker-0: Loading available Gradle versions] INFO  o.e.b.c.i.u.g.PublishedGradleVersions - Gradle version information cache is up-to-date. Trying to read.
2020-02-18 11:46:16,398 [Worker-2: Loading available Gradle versions] INFO  o.e.b.c.i.u.g.PublishedGradleVersions - Gradle version information cache is up-to-date. Trying to read.
2020-02-19 09:41:33,012 [Worker-5: Loading available Gradle versions] INFO  o.e.b.c.i.u.g.PublishedGradleVersions - Gradle version information cache is up-to-date. Trying to read.
2020-02-19 09:47:39,082 [Worker-4: Loading available Gradle versions] INFO  o.e.b.c.i.u.g.PublishedGradleVersions - Gradle version information cache is up-to-date. Trying to read.
2020-02-19 09:50:02,718 [Worker-3: Loading available Gradle versions] INFO  o.e.b.c.i.u.g.PublishedGradleVersions - Gradle version information cache is up-to-date. Trying to read.
2020-02-19 09:54:03,733 [Worker-4: Loading available Gradle versions] INFO  o.e.b.c.i.u.g.PublishedGradleVersions - Gradle version information cache is out-of-date. Trying to update.
2020-02-19 09:57:53,219 [Worker-5: Loading available Gradle versions] INFO  o.e.b.c.i.u.g.PublishedGradleVersions - Gradle version information cache is up-to-date. Trying to read.
2020-02-19 10:02:49,469 [Worker-3: Loading available Gradle versions] INFO  o.e.b.c.i.u.g.PublishedGradleVersions - Gradle version information cache is up-to-date. Trying to read.
2020-02-19 10:13:05,792 [Worker-14: Update Maven projects configuration] INFO  o.e.m.c.i.p.ProjectConfigurationManager - Update started
2020-02-19 10:13:07,428 [Worker-14: Update Maven projects configuration] INFO  o.e.m.c.i.l.LifecycleMappingFactory - Using org.maven.ide.eclipse.wtp.WarLifecycleMapping lifecycle mapping for MavenProject: spring:spring:0.0.1-SNAPSHOT @ D:\hyunsu\git\Spring\spring\bin\target\m2e-wtp\web-resources\META-INF\maven\spring\spring\pom.xml.
2020-02-19 10:13:09,157 [Worker-14: Update Maven projects configuration] INFO  o.e.m.j.i.AbstractJavaProjectConfigurator - Adding source folder /maven_spring_spring/src
2020-02-19 10:13:09,158 [Worker-14: Update Maven projects configuration] INFO  o.e.m.j.i.AbstractJavaProjectConfigurator - Not adding source folder /maven_spring_spring/src/test/java because it overlaps with /maven_spring_spring/src
2020-02-19 10:13:10,398 [Worker-10: Building workspace] WARN  o.e.m.c.i.embedder.EclipseLogger - Using platform encoding (MS949 actually) to copy filtered resources, i.e. build is platform dependent!
2020-02-19 10:13:10,400 [Worker-10: Building workspace] INFO  o.e.m.c.i.embedder.EclipseLogger - skip non existing resourceDirectory D:\hyunsu\git\Spring\spring\bin\target\m2e-wtp\web-resources\META-INF\maven\spring\spring\src\main\resources
2020-02-19 10:13:10,404 [Worker-10: Building workspace] WARN  o.e.m.c.i.embedder.EclipseLogger - Using platform encoding (MS949 actually) to copy filtered resources, i.e. build is platform dependent!
2020-02-19 10:13:10,405 [Worker-10: Building workspace] INFO  o.e.m.c.i.embedder.EclipseLogger - skip non existing resourceDirectory D:\hyunsu\git\Spring\spring\bin\target\m2e-wtp\web-resources\META-INF\maven\spring\spring\src\test\resources
2020-02-19 10:13:12,002 [Worker-14: Update Maven projects configuration] INFO  o.e.m.c.i.p.ProjectConfigurationManager - Update completed: 6 sec
2020-02-19 10:13:12,006 [Worker-14: Update Maven projects configuration] INFO  o.e.m.c.i.p.ProjectConfigurationManager - Update started
2020-02-19 10:13:12,659 [Worker-14: Update Maven projects configuration] INFO  o.e.m.c.i.l.LifecycleMappingFactory - Using org.maven.ide.eclipse.wtp.WarLifecycleMapping lifecycle mapping for MavenProject: spring:spring:0.0.1-SNAPSHOT @ D:\hyunsu\git\Spring\spring\bin\target\m2e-wtp\web-resources\META-INF\maven\spring\spring\pom.xml.
2020-02-19 10:13:12,754 [Worker-14: Update Maven projects configuration] INFO  o.e.m.c.i.l.LifecycleMappingFactory - Using org.maven.ide.eclipse.wtp.WarLifecycleMapping lifecycle mapping for MavenProject: spring:spring:0.0.1-SNAPSHOT @ D:\hyunsu\git\Spring\spring\target\m2e-wtp\web-resources\META-INF\maven\spring\spring\pom.xml.
2020-02-19 10:13:14,076 [Worker-10: Building workspace] WARN  o.e.m.c.i.embedder.EclipseLogger - Using platform encoding (MS949 actually) to copy filtered resources, i.e. build is platform dependent!
2020-02-19 10:13:14,077 [Worker-10: Building workspace] INFO  o.e.m.c.i.embedder.EclipseLogger - skip non existing resourceDirectory D:\hyunsu\git\Spring\spring\bin\target\m2e-wtp\web-resources\META-INF\maven\spring\spring\src\main\resources
2020-02-19 10:13:14,085 [Worker-10: Building workspace] WARN  o.e.m.c.i.embedder.EclipseLogger - Using platform encoding (MS949 actually) to copy filtered resources, i.e. build is platform dependent!
2020-02-19 10:13:14,086 [Worker-10: Building workspace] INFO  o.e.m.c.i.embedder.EclipseLogger - skip non existing resourceDirectory D:\hyunsu\git\Spring\spring\bin\target\m2e-wtp\web-resources\META-INF\maven\spring\spring\src\test\resources
2020-02-19 10:13:14,123 [Worker-14: Update Maven projects configuration] INFO  o.e.m.j.i.AbstractJavaProjectConfigurator - Adding source folder /spring_spring/src
2020-02-19 10:13:14,124 [Worker-14: Update Maven projects configuration] INFO  o.e.m.j.i.AbstractJavaProjectConfigurator - Not adding source folder /spring_spring/src/test/java because it overlaps with /spring_spring/src
2020-02-19 10:13:15,208 [Worker-14: Update Maven projects configuration] INFO  o.e.m.j.i.AbstractJavaProjectConfigurator - Adding source folder /maven_spring_spring/src
2020-02-19 10:13:15,209 [Worker-14: Update Maven projects configuration] INFO  o.e.m.j.i.AbstractJavaProjectConfigurator - Not adding source folder /maven_spring_spring/src/test/java because it overlaps with /maven_spring_spring/src
2020-02-19 10:13:15,586 [Worker-16: Building workspace] WARN  o.e.m.c.i.embedder.EclipseLogger - Using platform encoding (MS949 actually) to copy filtered resources, i.e. build is platform dependent!
2020-02-19 10:13:15,596 [Worker-16: Building workspace] INFO  o.e.m.c.i.embedder.EclipseLogger - skip non existing resourceDirectory D:\hyunsu\git\Spring\spring\bin\target\m2e-wtp\web-resources\META-INF\maven\spring\spring\src\main\resources
2020-02-19 10:13:15,598 [Worker-16: Building workspace] WARN  o.e.m.c.i.embedder.EclipseLogger - Using platform encoding (MS949 actually) to copy filtered resources, i.e. build is platform dependent!
2020-02-19 10:13:15,601 [Worker-16: Building workspace] INFO  o.e.m.c.i.embedder.EclipseLogger - skip non existing resourceDirectory D:\hyunsu\git\Spring\spring\bin\target\m2e-wtp\web-resources\META-INF\maven\spring\spring\src\test\resources
2020-02-19 10:13:15,602 [Worker-16: Building workspace] INFO  o.e.m.w.i.f.ResourceFilteringBuildParticipant - Changed resources require a complete clean of filtered resources of maven_spring_spring
2020-02-19 10:13:15,617 [Worker-16: Building workspace] INFO  o.e.m.w.i.f.ResourceFilteringBuildParticipant - Executing resource filtering for maven_spring_spring
2020-02-19 10:13:15,692 [Worker-16: Building workspace] WARN  o.e.m.c.i.embedder.EclipseLogger - Using platform encoding (MS949 actually) to copy filtered resources, i.e. build is platform dependent!
2020-02-19 10:13:25,052 [Worker-14: Update Maven projects configuration] INFO  o.e.m.c.i.p.ProjectConfigurationManager - Update completed: 13 sec
2020-02-19 10:13:25,327 [Worker-17: Building workspace] WARN  o.e.m.c.i.embedder.EclipseLogger - Using platform encoding (MS949 actually) to copy filtered resources, i.e. build is platform dependent!
2020-02-19 10:13:25,328 [Worker-17: Building workspace] INFO  o.e.m.c.i.embedder.EclipseLogger - skip non existing resourceDirectory D:\hyunsu\git\Spring\spring\bin\target\m2e-wtp\web-resources\META-INF\maven\spring\spring\src\main\resources
2020-02-19 10:13:25,331 [Worker-17: Building workspace] WARN  o.e.m.c.i.embedder.EclipseLogger - Using platform encoding (MS949 actually) to copy filtered resources, i.e. build is platform dependent!
2020-02-19 10:13:25,332 [Worker-17: Building workspace] INFO  o.e.m.c.i.embedder.EclipseLogger - skip non existing resourceDirectory D:\hyunsu\git\Spring\spring\bin\target\m2e-wtp\web-resources\META-INF\maven\spring\spring\src\test\resources
2020-02-19 10:13:25,540 [Worker-17: Building workspace] WARN  o.e.m.c.i.embedder.EclipseLogger - Using platform encoding (MS949 actually) to copy filtered resources, i.e. build is platform dependent!
2020-02-19 10:13:25,541 [Worker-17: Building workspace] INFO  o.e.m.c.i.embedder.EclipseLogger - skip non existing resourceDirectory D:\hyunsu\git\Spring\spring\target\m2e-wtp\web-resources\META-INF\maven\spring\spring\src\main\resources
2020-02-19 10:13:25,543 [Worker-17: Building workspace] WARN  o.e.m.c.i.embedder.EclipseLogger - Using platform encoding (MS949 actually) to copy filtered resources, i.e. build is platform dependent!
2020-02-19 10:13:25,544 [Worker-17: Building workspace] INFO  o.e.m.c.i.embedder.EclipseLogger - skip non existing resourceDirectory D:\hyunsu\git\Spring\spring\target\m2e-wtp\web-resources\META-INF\maven\spring\spring\src\test\resources
2020-02-19 10:15:30,401 [Worker-6: Updating Maven Dependencies] INFO  o.e.m.c.i.l.LifecycleMappingFactory - Using org.maven.ide.eclipse.wtp.WarLifecycleMapping lifecycle mapping for MavenProject: spring:spring:0.0.1-SNAPSHOT @ D:\hyunsu\git\Spring\spring\target\m2e-wtp\web-resources\META-INF\maven\spring\spring\pom.xml.
2020-02-19 10:15:35,880 [Worker-10: Building workspace] WARN  o.e.m.c.i.embedder.EclipseLogger - Using platform encoding (MS949 actually) to copy filtered resources, i.e. build is platform dependent!
2020-02-19 10:15:35,882 [Worker-10: Building workspace] INFO  o.e.m.c.i.embedder.EclipseLogger - skip non existing resourceDirectory D:\hyunsu\git\Spring\spring\target\m2e-wtp\web-resources\META-INF\maven\spring\spring\src\main\resources
2020-02-19 10:15:35,886 [Worker-10: Building workspace] WARN  o.e.m.c.i.embedder.EclipseLogger - Using platform encoding (MS949 actually) to copy filtered resources, i.e. build is platform dependent!
2020-02-19 10:15:35,887 [Worker-10: Building workspace] INFO  o.e.m.c.i.embedder.EclipseLogger - skip non existing resourceDirectory D:\hyunsu\git\Spring\spring\target\m2e-wtp\web-resources\META-INF\maven\spring\spring\src\test\resources
2020-02-19 10:26:44,740 [Worker-12: Loading available Gradle versions] INFO  o.e.b.c.i.u.g.PublishedGradleVersions - Gradle version information cache is up-to-date. Trying to read.
2020-02-19 10:26:49,122 [Worker-15: Building workspace] WARN  o.e.m.c.i.embedder.EclipseLogger - Using platform encoding (MS949 actually) to copy filtered resources, i.e. build is platform dependent!
2020-02-19 10:26:49,124 [Worker-15: Building workspace] INFO  o.e.m.c.i.embedder.EclipseLogger - skip non existing resourceDirectory D:\hyunsu\git\Spring\spring\target\m2e-wtp\web-resources\META-INF\maven\spring\spring\src\main\resources
2020-02-19 10:26:49,128 [Worker-15: Building workspace] WARN  o.e.m.c.i.embedder.EclipseLogger - Using platform encoding (MS949 actually) to copy filtered resources, i.e. build is platform dependent!
2020-02-19 10:26:49,129 [Worker-15: Building workspace] INFO  o.e.m.c.i.embedder.EclipseLogger - skip non existing resourceDirectory D:\hyunsu\git\Spring\spring\target\m2e-wtp\web-resources\META-INF\maven\spring\spring\src\test\resources
